<?xml version="1.0" encoding="UTF-8"?>
<!-- Generated by org.testng.reporters.JUnitXMLReporter -->
<testsuite hostname="Waleed-Lap" ignored="0" name="Smoke Test" tests="5" failures="0" timestamp="19 May 2019 23:04:29 GMT" time="90.459" errors="0">
  <testcase name="checkCreateNewComputerWithValidDataTest" time="32.077" classname="com.bb.tests.ComputersTests"/>
  <testcase name="checkSearchForExistingComputerTest" time="1.016" classname="com.bb.tests.ComputersTests"/>
  <testcase name="checkDataRetrievedCorrectlyAfterSearchComputerTest" time="1.363" classname="com.bb.tests.ComputersTests"/>
  <testcase name="checkEditExistingComputerWithValidDataTest" time="3.186" classname="com.bb.tests.ComputersTests"/>
  <testcase name="checkDeleteExistingComputerTest" time="2.04" classname="com.bb.tests.ComputersTests"/>
</testsuite> <!-- Smoke Test -->
