<?xml version="1.0" encoding="UTF-8"?>
<!-- Generated by org.testng.reporters.JUnitXMLReporter -->
<testsuite hostname="Waleed-Lap" ignored="4" name="Default test" tests="1" failures="0" timestamp="19 May 2019 23:13:55 GMT" time="11.463" errors="0">
  <testcase name="checkCreateNewComputerWithValidDataTest" time="3.771" classname="com.bb.tests.ComputersTests"/>
  <testcase name="checkDataRetrievedCorrectlyAfterSearchComputerTest" time="0.0" classname="com.bb.tests.ComputersTests">
    <ignored/>
  </testcase> <!-- checkDataRetrievedCorrectlyAfterSearchComputerTest -->
  <testcase name="checkDeleteExistingComputerTest" time="0.0" classname="com.bb.tests.ComputersTests">
    <ignored/>
  </testcase> <!-- checkDeleteExistingComputerTest -->
  <testcase name="checkEditExistingComputerWithValidDataTest" time="0.0" classname="com.bb.tests.ComputersTests">
    <ignored/>
  </testcase> <!-- checkEditExistingComputerWithValidDataTest -->
  <testcase name="checkSearchForExistingComputerTest" time="0.0" classname="com.bb.tests.ComputersTests">
    <ignored/>
  </testcase> <!-- checkSearchForExistingComputerTest -->
</testsuite> <!-- Default test -->
